#
# There is insufficient memory for the Java Runtime Environment to continue.
# Native memory allocation (malloc) failed to allocate 37136 bytes for Chunk::new
# Possible reasons:
#   The system is out of physical RAM or swap space
#   The process is running with CompressedOops enabled, and the Java Heap may be blocking the growth of the native heap
# Possible solutions:
#   Reduce memory load on the system
#   Increase physical memory or swap space
#   Check if swap backing store is full
#   Decrease Java heap size (-Xmx/-Xms)
#   Decrease number of Java threads
#   Decrease Java thread stack sizes (-Xss)
#   Set larger code cache with -XX:ReservedCodeCacheSize=
#   JVM is running with Unscaled Compressed Oops mode in which the Java heap is
#     placed in the first 4GB address space. The Java Heap base address is the
#     maximum limit for the native heap growth. Please use -XX:HeapBaseMinAddress
#     to set the Java Heap base and to place the Java Heap above 4GB virtual address.
# This output file may be truncated or incomplete.
#
#  Out of Memory Error (arena.cpp:189), pid=3044, tid=10400
#
# JRE version: Java(TM) SE Runtime Environment (17.0.3.1+2) (build 17.0.3.1+2-LTS-6)
# Java VM: Java HotSpot(TM) 64-Bit Server VM (17.0.3.1+2-LTS-6, mixed mode, sharing, tiered, compressed oops, compressed class ptrs, g1 gc, windows-amd64)
# No core dump will be written. Minidumps are not enabled by default on client versions of Windows
#

---------------  S U M M A R Y ------------

Command Line: -Dfile.encoding=UTF-8 -XX:+ShowCodeDetailsInExceptionMessages gui.entries

Host: Intel(R) Core(TM) i5-10300H CPU @ 2.50GHz, 8 cores, 7G,  Windows 11 , 64 bit Build 22621 (10.0.22621.1778)
Time: Fri Jun 30 15:28:47 2023 India Standard Time elapsed time: 54.607179 seconds (0d 0h 0m 54s)

---------------  T H R E A D  ---------------

Current thread (0x0000026d46dea990):  JavaThread "C2 CompilerThread0" daemon [_thread_in_native, id=10400, stack(0x000000f4ac200000,0x000000f4ac300000)]


Current CompileTask:
C2:  54607 2790       4       java.lang.invoke.MethodType::makeImpl (109 bytes)

Stack: [0x000000f4ac200000,0x000000f4ac300000]
Native frames: (J=compiled Java code, j=interpreted, Vv=VM code, C=native code)
V  [jvm.dll+0x6711ba]
V  [jvm.dll+0x7d0834]
V  [jvm.dll+0x7d1fde]
V  [jvm.dll+0x7d2643]
V  [jvm.dll+0x242c85]
V  [jvm.dll+0xaa57b]
V  [jvm.dll+0xaab0c]
V  [jvm.dll+0x57985e]
V  [jvm.dll+0x21defd]
V  [jvm.dll+0x21741f]
V  [jvm.dll+0x21507b]
V  [jvm.dll+0x1a1c3d]
V  [jvm.dll+0x2249c8]
V  [jvm.dll+0x222b2c]
V  [jvm.dll+0x78650b]
V  [jvm.dll+0x780aca]
V  [jvm.dll+0x670045]
C  [ucrtbase.dll+0x29363]
C  [KERNEL32.DLL+0x126ad]
C  [ntdll.dll+0x5a9f8]


---------------  P R O C E S S  ---------------

Threads class SMR info:
_java_thread_list=0x0000026d4b7a02d0, length=28, elements={
0x0000026d46dcf420, 0x0000026d46dcffd0, 0x0000026d46de16d0, 0x0000026d46de2280,
0x0000026d46de5d50, 0x0000026d46de9c00, 0x0000026d46dea990, 0x0000026d46df3440,
0x0000026d46dfc600, 0x0000026d478caa30, 0x0000026d478caf00, 0x0000026d478cb3d0,
0x0000026d478cb8a0, 0x0000026d478cc710, 0x0000026d478ca560, 0x0000026d478c9220,
0x0000026d478ca090, 0x0000026d478cbd70, 0x0000026d478c96f0, 0x0000026d478c9bc0,
0x0000026d4ababf70, 0x0000026d4abac440, 0x0000026d4abac910, 0x0000026d4ababaa0,
0x0000026d4abacde0, 0x0000026d4abad780, 0x0000026d4abadc50, 0x0000026d4abab5d0
}

Java Threads: ( => current thread )
  0x0000026d46dcf420 JavaThread "Reference Handler" daemon [_thread_blocked, id=5744, stack(0x000000f4abc00000,0x000000f4abd00000)]
  0x0000026d46dcffd0 JavaThread "Finalizer" daemon [_thread_blocked, id=10064, stack(0x000000f4abd00000,0x000000f4abe00000)]
  0x0000026d46de16d0 JavaThread "Signal Dispatcher" daemon [_thread_blocked, id=10692, stack(0x000000f4abe00000,0x000000f4abf00000)]
  0x0000026d46de2280 JavaThread "Attach Listener" daemon [_thread_blocked, id=1168, stack(0x000000f4abf00000,0x000000f4ac000000)]
  0x0000026d46de5d50 JavaThread "Service Thread" daemon [_thread_blocked, id=2908, stack(0x000000f4ac000000,0x000000f4ac100000)]
  0x0000026d46de9c00 JavaThread "Monitor Deflation Thread" daemon [_thread_blocked, id=8784, stack(0x000000f4ac100000,0x000000f4ac200000)]
=>0x0000026d46dea990 JavaThread "C2 CompilerThread0" daemon [_thread_in_native, id=10400, stack(0x000000f4ac200000,0x000000f4ac300000)]
  0x0000026d46df3440 JavaThread "C1 CompilerThread0" daemon [_thread_blocked, id=6020, stack(0x000000f4ac300000,0x000000f4ac400000)]
  0x0000026d46dfc600 JavaThread "Sweeper thread" daemon [_thread_blocked, id=1880, stack(0x000000f4ac400000,0x000000f4ac500000)]
  0x0000026d478caa30 JavaThread "Notification Thread" daemon [_thread_blocked, id=4784, stack(0x000000f4ac500000,0x000000f4ac600000)]
  0x0000026d478caf00 JavaThread "Common-Cleaner" daemon [_thread_blocked, id=8092, stack(0x000000f4ac700000,0x000000f4ac800000)]
  0x0000026d478cb3d0 JavaThread "Java2D Disposer" daemon [_thread_blocked, id=11888, stack(0x000000f4ac900000,0x000000f4aca00000)]
  0x0000026d478cb8a0 JavaThread "AWT-Shutdown" [_thread_blocked, id=12128, stack(0x000000f4aca00000,0x000000f4acb00000)]
  0x0000026d478cc710 JavaThread "AWT-Windows" daemon [_thread_in_native, id=14916, stack(0x000000f4acb00000,0x000000f4acc00000)]
  0x0000026d478ca560 JavaThread "AWT-EventQueue-0" [_thread_blocked, id=17336, stack(0x000000f4acc00000,0x000000f4acd00000)]
  0x0000026d478c9220 JavaThread "DestroyJavaVM" [_thread_blocked, id=13288, stack(0x000000f4ab500000,0x000000f4ab600000)]
  0x0000026d478ca090 JavaThread "TimerQueue" daemon [_thread_blocked, id=3444, stack(0x000000f4ad000000,0x000000f4ad100000)]
  0x0000026d478cbd70 JavaThread "ForkJoinPool.commonPool-worker-1" daemon [_thread_blocked, id=9612, stack(0x000000f4ac800000,0x000000f4ac900000)]
  0x0000026d478c96f0 JavaThread "AsyncHttpClient-1-1" daemon [_thread_blocked, id=14100, stack(0x000000f4adb00000,0x000000f4adc00000)]
  0x0000026d478c9bc0 JavaThread "Exec Default Executor" daemon [_thread_in_native, id=10300, stack(0x000000f4adc00000,0x000000f4add00000)]
  0x0000026d4ababf70 JavaThread "Exec Stream Pumper" daemon [_thread_in_native, id=16340, stack(0x000000f4add00000,0x000000f4ade00000)]
  0x0000026d4abac440 JavaThread "Exec Stream Pumper" daemon [_thread_in_native, id=2492, stack(0x000000f4ade00000,0x000000f4adf00000)]
  0x0000026d4abac910 JavaThread "Driver Service Executor" daemon [_thread_blocked, id=2416, stack(0x000000f4adf00000,0x000000f4ae000000)]
  0x0000026d4ababaa0 JavaThread "Driver Service Executor" daemon [_thread_blocked, id=6532, stack(0x000000f4ae000000,0x000000f4ae100000)]
  0x0000026d4abacde0 JavaThread "UrlChecker-2" daemon [_thread_blocked, id=5044, stack(0x000000f4ae100000,0x000000f4ae200000)]
  0x0000026d4abad780 JavaThread "AsyncHttpClient-1-2" daemon [_thread_in_native, id=11420, stack(0x000000f4ae500000,0x000000f4ae600000)]
  0x0000026d4abadc50 JavaThread "AsyncHttpClient-1-3" daemon [_thread_in_native, id=3408, stack(0x000000f4ad100000,0x000000f4ad200000)]
  0x0000026d4abab5d0 JavaThread "AsyncHttpClient-1-4" daemon [_thread_in_native, id=16576, stack(0x000000f4ae600000,0x000000f4ae700000)]

Other Threads:
  0x0000026d46dcb990 VMThread "VM Thread" [stack: 0x000000f4abb00000,0x000000f4abc00000] [id=5868]
  0x0000026d478ce160 WatcherThread [stack: 0x000000f4ac600000,0x000000f4ac700000] [id=15052]
  0x0000026d26e403d0 GCTaskThread "GC Thread#0" [stack: 0x000000f4ab600000,0x000000f4ab700000] [id=5672]
  0x0000026d4aa90af0 GCTaskThread "GC Thread#1" [stack: 0x000000f4ad200000,0x000000f4ad300000] [id=7244]
  0x0000026d4aa02020 GCTaskThread "GC Thread#2" [stack: 0x000000f4ad300000,0x000000f4ad400000] [id=10220]
  0x0000026d4aa022d0 GCTaskThread "GC Thread#3" [stack: 0x000000f4ad400000,0x000000f4ad500000] [id=11396]
  0x0000026d4aa02580 GCTaskThread "GC Thread#4" [stack: 0x000000f4ad500000,0x000000f4ad600000] [id=4104]
  0x0000026d4aa02830 GCTaskThread "GC Thread#5" [stack: 0x000000f4ad600000,0x000000f4ad700000] [id=12036]
  0x0000026d481e87b0 GCTaskThread "GC Thread#6" [stack: 0x000000f4ad700000,0x000000f4ad800000] [id=7212]
  0x0000026d4a9919d0 GCTaskThread "GC Thread#7" [stack: 0x000000f4ad800000,0x000000f4ad900000] [id=12580]
  0x0000026d26e516d0 ConcurrentGCThread "G1 Main Marker" [stack: 0x000000f4ab700000,0x000000f4ab800000] [id=10144]
  0x0000026d26e520e0 ConcurrentGCThread "G1 Conc#0" [stack: 0x000000f4ab800000,0x000000f4ab900000] [id=13640]
  0x0000026d4aab0cd0 ConcurrentGCThread "G1 Conc#1" [stack: 0x000000f4ae400000,0x000000f4ae500000] [id=8904]
  0x0000026d46c824c0 ConcurrentGCThread "G1 Refine#0" [stack: 0x000000f4ab900000,0x000000f4aba00000] [id=11988]
  0x0000026d4815dcf0 ConcurrentGCThread "G1 Refine#1" [stack: 0x000000f4ad900000,0x000000f4ada00000] [id=688]
  0x0000026d48091270 ConcurrentGCThread "G1 Refine#2" [stack: 0x000000f4ada00000,0x000000f4adb00000] [id=3476]
  0x0000026d26eabf80 ConcurrentGCThread "G1 Service" [stack: 0x000000f4aba00000,0x000000f4abb00000] [id=15148]

Threads with active compile tasks:
C2 CompilerThread0    54629 2790       4       java.lang.invoke.MethodType::makeImpl (109 bytes)

VM state: not at safepoint (normal execution)

VM Mutex/Monitor currently owned by a thread: None

Heap address: 0x0000000082a00000, size: 2006 MB, Compressed Oops mode: 32-bit

CDS archive(s) mapped at: [0x0000000800000000-0x0000000800bc0000-0x0000000800bc0000), size 12320768, SharedBaseAddress: 0x0000000800000000, ArchiveRelocationMode: 0.
Compressed class space mapped at: 0x0000000800c00000-0x0000000840c00000, reserved size: 1073741824
Narrow klass base: 0x0000000800000000, Narrow klass shift: 0, Narrow klass range: 0x100000000

GC Precious Log:
 CPUs: 8 total, 8 available
 Memory: 8023M
 Large Page Support: Disabled
 NUMA Support: Disabled
 Compressed Oops: Enabled (32-bit)
 Heap Region Size: 1M
 Heap Min Capacity: 8M
 Heap Initial Capacity: 126M
 Heap Max Capacity: 2006M
 Pre-touch: Disabled
 Parallel Workers: 8
 Concurrent Workers: 2
 Concurrent Refinement Workers: 8
 Periodic GC: Disabled

Heap:
 garbage-first heap   total 45056K, used 31363K [0x0000000082a00000, 0x0000000100000000)
  region size 1024K, 20 young (20480K), 4 survivors (4096K)
 Metaspace       used 24614K, committed 24896K, reserved 1073152K
  class space    used 2984K, committed 3136K, reserved 1048576K

Heap Regions: E=young(eden), S=young(survivor), O=old, HS=humongous(starts), HC=humongous(continues), CS=collection set, F=free, OA=open archive, CA=closed archive, TAMS=top-at-mark-start (previous, next)
|   0|0x0000000082a00000, 0x0000000082b00000, 0x0000000082b00000|100%|HS|  |TAMS 0x0000000082b00000, 0x0000000082a00000| Complete 
|   1|0x0000000082b00000, 0x0000000082c00000, 0x0000000082c00000|100%|HC|  |TAMS 0x0000000082c00000, 0x0000000082b00000| Complete 
|   2|0x0000000082c00000, 0x0000000082d00000, 0x0000000082d00000|100%| O|  |TAMS 0x0000000082d00000, 0x0000000082c00000| Untracked 
|   3|0x0000000082d00000, 0x0000000082e00000, 0x0000000082e00000|100%| O|  |TAMS 0x0000000082e00000, 0x0000000082d00000| Untracked 
|   4|0x0000000082e00000, 0x0000000082f00000, 0x0000000082f00000|100%| O|  |TAMS 0x0000000082e3ac00, 0x0000000082e00000| Untracked 
|   5|0x0000000082f00000, 0x0000000083000000, 0x0000000083000000|100%| O|  |TAMS 0x0000000082f00000, 0x0000000082f00000| Untracked 
|   6|0x0000000083000000, 0x0000000083100000, 0x0000000083100000|100%| O|  |TAMS 0x0000000083000000, 0x0000000083000000| Untracked 
|   7|0x0000000083100000, 0x000000008314da00, 0x0000000083200000| 30%| O|  |TAMS 0x0000000083100000, 0x0000000083100000| Complete 
|   8|0x0000000083200000, 0x0000000083300000, 0x0000000083300000|100%|HS|  |TAMS 0x0000000083200000, 0x0000000083200000| Complete 
|   9|0x0000000083300000, 0x0000000083400000, 0x0000000083400000|100%|HC|  |TAMS 0x0000000083300000, 0x0000000083300000| Complete 
|  10|0x0000000083400000, 0x0000000083500000, 0x0000000083500000|100%|HC|  |TAMS 0x0000000083400000, 0x0000000083400000| Complete 
|  11|0x0000000083500000, 0x0000000083600000, 0x0000000083600000|100%|HC|  |TAMS 0x0000000083500000, 0x0000000083500000| Complete 
|  12|0x0000000083600000, 0x0000000083700000, 0x0000000083700000|100%|HC|  |TAMS 0x0000000083600000, 0x0000000083600000| Complete 
|  13|0x0000000083700000, 0x0000000083700000, 0x0000000083800000|  0%| F|  |TAMS 0x0000000083700000, 0x0000000083700000| Untracked 
|  14|0x0000000083800000, 0x0000000083800000, 0x0000000083900000|  0%| F|  |TAMS 0x0000000083800000, 0x0000000083800000| Untracked 
|  15|0x0000000083900000, 0x0000000083900000, 0x0000000083a00000|  0%| F|  |TAMS 0x0000000083900000, 0x0000000083900000| Untracked 
|  16|0x0000000083a00000, 0x0000000083a00000, 0x0000000083b00000|  0%| F|  |TAMS 0x0000000083a00000, 0x0000000083a00000| Untracked 
|  17|0x0000000083b00000, 0x0000000083b00000, 0x0000000083c00000|  0%| F|  |TAMS 0x0000000083b00000, 0x0000000083b00000| Untracked 
|  18|0x0000000083c00000, 0x0000000083c00000, 0x0000000083d00000|  0%| F|  |TAMS 0x0000000083c00000, 0x0000000083c00000| Untracked 
|  19|0x0000000083d00000, 0x0000000083d00000, 0x0000000083e00000|  0%| F|  |TAMS 0x0000000083d00000, 0x0000000083d00000| Untracked 
|  20|0x0000000083e00000, 0x0000000083e00000, 0x0000000083f00000|  0%| F|  |TAMS 0x0000000083e00000, 0x0000000083e00000| Untracked 
|  21|0x0000000083f00000, 0x0000000083f00000, 0x0000000084000000|  0%| F|  |TAMS 0x0000000083f00000, 0x0000000083f00000| Untracked 
|  22|0x0000000084000000, 0x0000000084000000, 0x0000000084100000|  0%| F|  |TAMS 0x0000000084000000, 0x0000000084000000| Untracked 
|  23|0x0000000084100000, 0x0000000084100000, 0x0000000084200000|  0%| F|  |TAMS 0x0000000084100000, 0x0000000084100000| Untracked 
|  24|0x0000000084200000, 0x0000000084280800, 0x0000000084300000| 50%| E|  |TAMS 0x0000000084200000, 0x0000000084200000| Complete 
|  25|0x0000000084300000, 0x0000000084400000, 0x0000000084400000|100%| E|CS|TAMS 0x0000000084300000, 0x0000000084300000| Complete 
|  26|0x0000000084400000, 0x0000000084500000, 0x0000000084500000|100%| E|CS|TAMS 0x0000000084400000, 0x0000000084400000| Complete 
|  27|0x0000000084500000, 0x0000000084600000, 0x0000000084600000|100%| E|CS|TAMS 0x0000000084500000, 0x0000000084500000| Complete 
|  28|0x0000000084600000, 0x0000000084700000, 0x0000000084700000|100%| E|CS|TAMS 0x0000000084600000, 0x0000000084600000| Complete 
|  29|0x0000000084700000, 0x0000000084800000, 0x0000000084800000|100%| E|CS|TAMS 0x0000000084700000, 0x0000000084700000| Complete 
|  30|0x0000000084800000, 0x0000000084900000, 0x0000000084900000|100%| E|CS|TAMS 0x0000000084800000, 0x0000000084800000| Complete 
|  31|0x0000000084900000, 0x0000000084a00000, 0x0000000084a00000|100%| E|CS|TAMS 0x0000000084900000, 0x0000000084900000| Complete 
|  32|0x0000000084a00000, 0x0000000084b00000, 0x0000000084b00000|100%| E|CS|TAMS 0x0000000084a00000, 0x0000000084a00000| Complete 
|  33|0x0000000084b00000, 0x0000000084c00000, 0x0000000084c00000|100%| E|CS|TAMS 0x0000000084b00000, 0x0000000084b00000| Complete 
|  34|0x0000000084c00000, 0x0000000084d00000, 0x0000000084d00000|100%| E|CS|TAMS 0x0000000084c00000, 0x0000000084c00000| Complete 
|  35|0x0000000084d00000, 0x0000000084e00000, 0x0000000084e00000|100%| E|CS|TAMS 0x0000000084d00000, 0x0000000084d00000| Complete 
|  36|0x0000000084e00000, 0x0000000084f00000, 0x0000000084f00000|100%| E|CS|TAMS 0x0000000084e00000, 0x0000000084e00000| Complete 
|  37|0x0000000084f00000, 0x0000000085000000, 0x0000000085000000|100%| E|CS|TAMS 0x0000000084f00000, 0x0000000084f00000| Complete 
|  38|0x0000000085000000, 0x0000000085100000, 0x0000000085100000|100%| E|CS|TAMS 0x0000000085000000, 0x0000000085000000| Complete 
|  94|0x0000000088800000, 0x0000000088853278, 0x0000000088900000| 32%| S|CS|TAMS 0x0000000088800000, 0x0000000088800000| Complete 
|  95|0x0000000088900000, 0x0000000088a00000, 0x0000000088a00000|100%| S|CS|TAMS 0x0000000088900000, 0x0000000088900000| Complete 
|  96|0x0000000088a00000, 0x0000000088b00000, 0x0000000088b00000|100%| S|CS|TAMS 0x0000000088a00000, 0x0000000088a00000| Complete 
|  97|0x0000000088b00000, 0x0000000088c00000, 0x0000000088c00000|100%| S|CS|TAMS 0x0000000088b00000, 0x0000000088b00000| Complete 
| 125|0x000000008a700000, 0x000000008a800000, 0x000000008a800000|100%| E|CS|TAMS 0x000000008a700000, 0x000000008a700000| Complete 

Card table byte_map: [0x0000026d3fc90000,0x0000026d40080000] _byte_map_base: 0x0000026d3f87b000

Marking Bits (Prev, Next): (CMBitMap*) 0x0000026d26e40a20, (CMBitMap*) 0x0000026d26e409e0
 Prev Bits: [0x0000026d423d0000, 0x0000026d44328000)
 Next Bits: [0x0000026d40470000, 0x0000026d423c8000)

Polling page: 0x0000026d26eb0000

Metaspace:

Usage:
  Non-class:     21.12 MB used.
      Class:      2.91 MB used.
       Both:     24.04 MB used.

Virtual space:
  Non-class space:       24.00 MB reserved,      21.25 MB ( 89%) committed,  3 nodes.
      Class space:        1.00 GB reserved,       3.06 MB ( <1%) committed,  1 nodes.
             Both:        1.02 GB reserved,      24.31 MB (  2%) committed. 

Chunk freelists:
   Non-Class:  2.61 MB
       Class:  871.00 KB
        Both:  3.46 MB

MaxMetaspaceSize: unlimited
CompressedClassSpaceSize: 1.00 GB
Initial GC threshold: 21.00 MB
Current GC threshold: 35.12 MB
CDS: on
MetaspaceReclaimPolicy: balanced
 - commit_granule_bytes: 65536.
 - commit_granule_words: 8192.
 - virtual_space_node_default_size: 1048576.
 - enlarge_chunks_in_place: 1.
 - new_chunks_are_fully_committed: 0.
 - uncommit_free_chunks: 1.
 - use_allocation_guard: 0.
 - handle_deallocations: 1.


Internal statistics:

num_allocs_failed_limit: 3.
num_arena_births: 204.
num_arena_deaths: 0.
num_vsnodes_births: 4.
num_vsnodes_deaths: 0.
num_space_committed: 389.
num_space_uncommitted: 0.
num_chunks_returned_to_freelist: 3.
num_chunks_taken_from_freelist: 662.
num_chunk_merges: 3.
num_chunk_splits: 437.
num_chunks_enlarged: 315.
num_purges: 0.
num_inconsistent_stats: 0.

CodeHeap 'non-profiled nmethods': size=120000Kb used=972Kb max_used=972Kb free=119027Kb
 bounds [0x0000026d37900000, 0x0000026d37b70000, 0x0000026d3ee30000]
CodeHeap 'profiled nmethods': size=120000Kb used=5456Kb max_used=5456Kb free=114544Kb
 bounds [0x0000026d303d0000, 0x0000026d30930000, 0x0000026d37900000]
CodeHeap 'non-nmethods': size=5760Kb used=1384Kb max_used=1438Kb free=4375Kb
 bounds [0x0000026d2fe30000, 0x0000026d300a0000, 0x0000026d303d0000]
 total_blobs=3537 nmethods=2809 adapters=640
 compilation: enabled
              stopped_count=0, restarted_count=0
 full_count=0

Compilation events (20 events):
Event: 54.582 Thread 0x0000026d46df3440 2803       3       java.lang.StringCoding::implEncodeAsciiArray (47 bytes)
Event: 54.582 Thread 0x0000026d46df3440 nmethod 2803 0x0000026d30920d10 code [0x0000026d30920ec0, 0x0000026d30921118]
Event: 54.582 Thread 0x0000026d46df3440 2804       3       java.awt.event.InputEvent::consume (6 bytes)
Event: 54.582 Thread 0x0000026d46df3440 nmethod 2804 0x0000026d30921290 code [0x0000026d30921420, 0x0000026d30921538]
Event: 54.583 Thread 0x0000026d46df3440 2805       1       sun.util.locale.StringTokenIterator::current (5 bytes)
Event: 54.583 Thread 0x0000026d46df3440 nmethod 2805 0x0000026d379f2b90 code [0x0000026d379f2d20, 0x0000026d379f2df8]
Event: 54.585 Thread 0x0000026d46df3440 2806       3       javax.swing.UIManager::get (8 bytes)
Event: 54.585 Thread 0x0000026d46df3440 nmethod 2806 0x0000026d30921610 code [0x0000026d309217e0, 0x0000026d309219c8]
Event: 54.585 Thread 0x0000026d46df3440 2807       3       java.awt.geom.Point2D$Float::<init> (15 bytes)
Event: 54.586 Thread 0x0000026d46df3440 nmethod 2807 0x0000026d30921b10 code [0x0000026d30921cc0, 0x0000026d30921e98]
Event: 54.586 Thread 0x0000026d46df3440 2808       3       java.awt.GradientPaint::getTransparency (31 bytes)
Event: 54.586 Thread 0x0000026d46df3440 nmethod 2808 0x0000026d30921f90 code [0x0000026d30922140, 0x0000026d309225f8]
Event: 54.586 Thread 0x0000026d46df3440 2809       1       java.awt.GradientPaintContext::getColorModel (5 bytes)
Event: 54.586 Thread 0x0000026d46df3440 nmethod 2809 0x0000026d379f2e90 code [0x0000026d379f3020, 0x0000026d379f30f8]
Event: 54.586 Thread 0x0000026d46df3440 2810       3       sun.awt.image.SunVolatileImage::createGraphics (27 bytes)
Event: 54.586 Thread 0x0000026d46df3440 nmethod 2810 0x0000026d30922710 code [0x0000026d30922920, 0x0000026d30923058]
Event: 54.586 Thread 0x0000026d46df3440 2811       3       sun.awt.image.SunVolatileImage::getForeground (19 bytes)
Event: 54.587 Thread 0x0000026d46df3440 nmethod 2811 0x0000026d30923310 code [0x0000026d309234e0, 0x0000026d30923a28]
Event: 54.587 Thread 0x0000026d46df3440 2812       3       java.awt.geom.Point2D$Float::<init> (5 bytes)
Event: 54.587 Thread 0x0000026d46df3440 nmethod 2812 0x0000026d30923b90 code [0x0000026d30923d40, 0x0000026d30923ef8]

GC Heap History (4 events):
Event: 41.356 GC heap before
{Heap before GC invocations=0 (full 0):
 garbage-first heap   total 129024K, used 24576K [0x0000000082a00000, 0x0000000100000000)
  region size 1024K, 23 young (23552K), 0 survivors (0K)
 Metaspace       used 11831K, committed 12032K, reserved 1064960K
  class space    used 1352K, committed 1472K, reserved 1048576K
}
Event: 41.361 GC heap after
{Heap after GC invocations=1 (full 0):
 garbage-first heap   total 129024K, used 7403K [0x0000000082a00000, 0x0000000100000000)
  region size 1024K, 3 young (3072K), 3 survivors (3072K)
 Metaspace       used 11831K, committed 12032K, reserved 1064960K
  class space    used 1352K, committed 1472K, reserved 1048576K
}
Event: 41.801 GC heap before
{Heap before GC invocations=1 (full 0):
 garbage-first heap   total 129024K, used 30955K [0x0000000082a00000, 0x0000000100000000)
  region size 1024K, 28 young (28672K), 3 survivors (3072K)
 Metaspace       used 21265K, committed 21504K, reserved 1073152K
  class space    used 2498K, committed 2624K, reserved 1048576K
}
Event: 41.806 GC heap after
{Heap after GC invocations=2 (full 0):
 garbage-first heap   total 129024K, used 10883K [0x0000000082a00000, 0x0000000100000000)
  region size 1024K, 4 young (4096K), 4 survivors (4096K)
 Metaspace       used 21265K, committed 21504K, reserved 1073152K
  class space    used 2498K, committed 2624K, reserved 1048576K
}

Deoptimization events (20 events):
Event: 50.562 Thread 0x0000026d478ca560 Uncommon trap: trap_request=0xffffff45 fr.pc=0x0000026d3797df68 relative=0x0000000000000528
Event: 50.562 Thread 0x0000026d478ca560 Uncommon trap: reason=unstable_if action=reinterpret pc=0x0000026d3797df68 method=java.lang.AbstractStringBuilder.putStringAt(ILjava/lang/String;II)V @ 8 c2
Event: 50.562 Thread 0x0000026d478ca560 DEOPT PACKING pc=0x0000026d3797df68 sp=0x000000f4accfdcc0
Event: 50.562 Thread 0x0000026d478ca560 DEOPT UNPACKING pc=0x0000026d2fe823a3 sp=0x000000f4accfdb48 mode 2
Event: 50.562 Thread 0x0000026d478ca560 Uncommon trap: trap_request=0xffffff45 fr.pc=0x0000026d379945a0 relative=0x0000000000000400
Event: 50.562 Thread 0x0000026d478ca560 Uncommon trap: reason=unstable_if action=reinterpret pc=0x0000026d379945a0 method=java.lang.AbstractStringBuilder.isLatin1()Z @ 10 c2
Event: 50.562 Thread 0x0000026d478ca560 DEOPT PACKING pc=0x0000026d379945a0 sp=0x000000f4accfe100
Event: 50.562 Thread 0x0000026d478ca560 DEOPT UNPACKING pc=0x0000026d2fe823a3 sp=0x000000f4accfe080 mode 2
Event: 50.562 Thread 0x0000026d478ca560 Uncommon trap: trap_request=0xffffff45 fr.pc=0x0000026d3790b0e8 relative=0x0000000000000448
Event: 50.562 Thread 0x0000026d478ca560 Uncommon trap: reason=unstable_if action=reinterpret pc=0x0000026d3790b0e8 method=java.lang.StringLatin1.canEncode(I)Z @ 4 c2
Event: 50.562 Thread 0x0000026d478ca560 DEOPT PACKING pc=0x0000026d3790b0e8 sp=0x000000f4accfdff0
Event: 50.562 Thread 0x0000026d478ca560 DEOPT UNPACKING pc=0x0000026d2fe823a3 sp=0x000000f4accfdf18 mode 2
Event: 50.563 Thread 0x0000026d478ca560 Uncommon trap: trap_request=0xffffff45 fr.pc=0x0000026d3790cddc relative=0x000000000000043c
Event: 50.563 Thread 0x0000026d478ca560 Uncommon trap: reason=unstable_if action=reinterpret pc=0x0000026d3790cddc method=java.lang.StringLatin1.canEncode(I)Z @ 4 c2
Event: 50.563 Thread 0x0000026d478ca560 DEOPT PACKING pc=0x0000026d3790cddc sp=0x000000f4accfdb60
Event: 50.563 Thread 0x0000026d478ca560 DEOPT UNPACKING pc=0x0000026d2fe823a3 sp=0x000000f4accfdad0 mode 2
Event: 50.563 Thread 0x0000026d478ca560 Uncommon trap: trap_request=0xffffff45 fr.pc=0x0000026d379757e4 relative=0x0000000000000524
Event: 50.563 Thread 0x0000026d478ca560 Uncommon trap: reason=unstable_if action=reinterpret pc=0x0000026d379757e4 method=java.lang.AbstractStringBuilder.putStringAt(ILjava/lang/String;II)V @ 8 c2
Event: 50.563 Thread 0x0000026d478ca560 DEOPT PACKING pc=0x0000026d379757e4 sp=0x000000f4accfda20
Event: 50.563 Thread 0x0000026d478ca560 DEOPT UNPACKING pc=0x0000026d2fe823a3 sp=0x000000f4accfd910 mode 2

Classes unloaded (0 events):
No events

Classes redefined (0 events):
No events

Internal exceptions (20 events):
Event: 41.631 Thread 0x0000026d478ca560 Exception <a 'java/lang/IncompatibleClassChangeError'{0x00000000897da6f8}: Found class java.lang.Object, but interface was expected> (0x00000000897da6f8) 
thrown [t:\workspace\open\src\hotspot\share\interpreter\linkResolver.cpp, line 833]
Event: 41.632 Thread 0x0000026d478ca560 Exception <a 'java/lang/NoSuchMethodError'{0x00000000897e32b8}: 'int java.lang.invoke.DirectMethodHandle$Holder.invokeSpecialIFC(java.lang.Object, java.lang.Object, java.lang.Object, java.lang.Object)'> (0x00000000897e32b8) 
thrown [t:\workspace\open\src\hotspot\share\interpreter\linkResolver.cpp, line 766]
Event: 41.647 Thread 0x0000026d478c9bc0 Exception <a 'java/lang/NoSuchMethodError'{0x0000000089506608}: 'void java.lang.invoke.DirectMethodHandle$Holder.invokeStatic(java.lang.Object, long)'> (0x0000000089506608) 
thrown [t:\workspace\open\src\hotspot\share\interpreter\linkResolver.cpp, line 766]
Event: 41.648 Thread 0x0000026d478c9bc0 Exception <a 'java/lang/NoSuchMethodError'{0x000000008950b9b0}: 'java.lang.Object java.lang.invoke.DirectMethodHandle$Holder.newInvokeSpecial(java.lang.Object, long)'> (0x000000008950b9b0) 
thrown [t:\workspace\open\src\hotspot\share\interpreter\linkResolver.cpp, line 766]
Event: 41.649 Thread 0x0000026d478c9bc0 Exception <a 'java/lang/NoSuchMethodError'{0x00000000895124a8}: 'java.lang.Object java.lang.invoke.DirectMethodHandle$Holder.invokeStatic(java.lang.Object, java.lang.Object, long, java.lang.Object)'> (0x00000000895124a8) 
thrown [t:\workspace\open\src\hotspot\share\interpreter\linkResolver.cpp, line 766]
Event: 41.649 Thread 0x0000026d478c9bc0 Exception <a 'java/lang/NoSuchMethodError'{0x0000000089515c98}: 'java.lang.Object java.lang.invoke.DirectMethodHandle$Holder.invokeStaticInit(java.lang.Object, java.lang.Object, long, java.lang.Object)'> (0x0000000089515c98) 
thrown [t:\workspace\open\src\hotspot\share\interpreter\linkResolver.cpp, line 766]
Event: 41.649 Thread 0x0000026d478c9bc0 Exception <a 'java/lang/NoSuchMethodError'{0x000000008951bce0}: 'java.lang.Object java.lang.invoke.DirectMethodHandle$Holder.newInvokeSpecial(java.lang.Object, java.lang.Object, long)'> (0x000000008951bce0) 
thrown [t:\workspace\open\src\hotspot\share\interpreter\linkResolver.cpp, line 766]
Event: 41.649 Thread 0x0000026d478c9bc0 Exception <a 'java/lang/NoSuchMethodError'{0x000000008951f850}: 'java.lang.Object java.lang.invoke.Invokers$Holder.linkToTargetMethod(java.lang.Object, long, java.lang.Object)'> (0x000000008951f850) 
thrown [t:\workspace\open\src\hotspot\share\interpreter\linkResolver.cpp, line 766]
Event: 41.720 Thread 0x0000026d478ca560 Exception <a 'java/lang/NoSuchMethodError'{0x00000000895e55e0}: 'int java.lang.invoke.DirectMethodHandle$Holder.invokeVirtual(java.lang.Object, java.lang.Object)'> (0x00000000895e55e0) 
thrown [t:\workspace\open\src\hotspot\share\interpreter\linkResolver.cpp, line 766]
Event: 41.721 Thread 0x0000026d478ca560 Exception <a 'java/lang/NoSuchMethodError'{0x00000000895ebd70}: 'double java.lang.invoke.DirectMethodHandle$Holder.invokeVirtual(java.lang.Object, java.lang.Object)'> (0x00000000895ebd70) 
thrown [t:\workspace\open\src\hotspot\share\interpreter\linkResolver.cpp, line 766]
Event: 41.721 Thread 0x0000026d478ca560 Exception <a 'java/lang/NoSuchMethodError'{0x00000000895f27c0}: 'float java.lang.invoke.DirectMethodHandle$Holder.invokeVirtual(java.lang.Object, java.lang.Object)'> (0x00000000895f27c0) 
thrown [t:\workspace\open\src\hotspot\share\interpreter\linkResolver.cpp, line 766]
Event: 41.722 Thread 0x0000026d478ca560 Exception <a 'java/lang/NoSuchMethodError'{0x00000000895fba80}: 'long java.lang.invoke.DirectMethodHandle$Holder.invokeVirtual(java.lang.Object, java.lang.Object)'> (0x00000000895fba80) 
thrown [t:\workspace\open\src\hotspot\share\interpreter\linkResolver.cpp, line 766]
Event: 41.725 Thread 0x0000026d478ca560 Exception <a 'java/lang/NoSuchMethodError'{0x000000008942a7b8}: 'void java.lang.invoke.DirectMethodHandle$Holder.invokeStatic(java.lang.Object, java.lang.Object, java.lang.Object)'> (0x000000008942a7b8) 
thrown [t:\workspace\open\src\hotspot\share\interpreter\linkResolver.cpp, line 766]
Event: 41.726 Thread 0x0000026d478ca560 Exception <a 'java/lang/NoSuchMethodError'{0x0000000089430f80}: 'java.lang.Object java.lang.invoke.DirectMethodHandle$Holder.invokeVirtual(java.lang.Object, java.lang.Object, java.lang.Object)'> (0x0000000089430f80) 
thrown [t:\workspace\open\src\hotspot\share\interpreter\linkResolver.cpp, line 766]
Event: 41.742 Thread 0x0000026d478ca560 Exception <a 'java/lang/NoSuchMethodError'{0x000000008934fb60}: 'void java.lang.invoke.DirectMethodHandle$Holder.invokeStatic(java.lang.Object, java.lang.Object, int)'> (0x000000008934fb60) 
thrown [t:\workspace\open\src\hotspot\share\interpreter\linkResolver.cpp, line 766]
Event: 41.771 Thread 0x0000026d478ca560 Exception <a 'java/lang/NoSuchMethodError'{0x00000000892ff650}: 'int java.lang.invoke.DirectMethodHandle$Holder.invokeSpecialIFC(java.lang.Object, java.lang.Object, java.lang.Object)'> (0x00000000892ff650) 
thrown [t:\workspace\open\src\hotspot\share\interpreter\linkResolver.cpp, line 766]
Event: 41.781 Thread 0x0000026d478ca560 Exception <a 'java/lang/NoSuchMethodError'{0x0000000088d534e8}: 'void java.lang.invoke.DirectMethodHandle$Holder.invokeStatic(java.lang.Object, java.lang.Object, java.lang.Object, java.lang.Object)'> (0x0000000088d534e8) 
thrown [t:\workspace\open\src\hotspot\share\interpreter\linkResolver.cpp, line 766]
Event: 43.661 Thread 0x0000026d478ca560 Exception <a 'java/lang/NoSuchMethodError'{0x00000000849a3e98}: 'java.lang.Object java.lang.invoke.DirectMethodHandle$Holder.invokeSpecialIFC(java.lang.Object, java.lang.Object, java.lang.Object)'> (0x00000000849a3e98) 
thrown [t:\workspace\open\src\hotspot\share\interpreter\linkResolver.cpp, line 766]
Event: 54.568 Thread 0x0000026d478ca560 Exception <a 'java/lang/NoSuchMethodError'{0x0000000084374808}: 'java.lang.Object java.lang.invoke.Invokers$Holder.invokeExact_MT(java.lang.Object, java.lang.Object, java.lang.Object, java.lang.Object, java.lang.Object, java.lang.Object)'> (0x0000000084374808) 
thrown [t:\workspace\open\src\hotspot\share\interpreter\linkResolver.cpp, line 766]
Event: 54.572 Thread 0x0000026d478ca560 Exception <a 'java/lang/ClassNotFoundException'{0x00000000843c3088}: sun/misc/SharedSecrets> (0x00000000843c3088) 
thrown [t:\workspace\open\src\hotspot\share\classfile\systemDictionary.cpp, line 256]

VM Operations (20 events):
Event: 41.712 Executing VM operation: HandshakeAllThreads
Event: 41.712 Executing VM operation: HandshakeAllThreads done
Event: 41.801 Executing VM operation: CollectForMetadataAllocation
Event: 41.806 Executing VM operation: CollectForMetadataAllocation done
Event: 41.809 Executing VM operation: G1Concurrent
Event: 41.811 Executing VM operation: G1Concurrent done
Event: 41.812 Executing VM operation: G1Concurrent
Event: 41.813 Executing VM operation: G1Concurrent done
Event: 41.883 Executing VM operation: HandshakeAllThreads
Event: 41.883 Executing VM operation: HandshakeAllThreads done
Event: 42.896 Executing VM operation: Cleanup
Event: 42.896 Executing VM operation: Cleanup done
Event: 43.908 Executing VM operation: Cleanup
Event: 43.908 Executing VM operation: Cleanup done
Event: 45.932 Executing VM operation: Cleanup
Event: 45.932 Executing VM operation: Cleanup done
Event: 50.978 Executing VM operation: Cleanup
Event: 50.978 Executing VM operation: Cleanup done
Event: 52.983 Executing VM operation: Cleanup
Event: 52.983 Executing VM operation: Cleanup done

Events (20 events):
Event: 50.438 loading class java/net/URLEncoder
Event: 50.438 loading class java/net/URLEncoder done
Event: 50.438 loading class java/io/CharArrayWriter
Event: 50.438 loading class java/io/CharArrayWriter done
Event: 50.561 loading class java/lang/StringUTF16$CodePointsSpliterator
Event: 50.561 loading class java/lang/StringUTF16$CodePointsSpliterator done
Event: 54.569 loading class java/util/stream/SortedOps$RefSortingSink
Event: 54.570 loading class java/util/stream/SortedOps$RefSortingSink done
Event: 54.572 loading class sun/misc/SharedSecrets
Event: 54.572 loading class sun/misc/SharedSecrets done
Event: 54.572 loading class java/util/TreeMap$EntrySpliterator
Event: 54.572 loading class java/util/TreeMap$EntrySpliterator done
Event: 54.579 loading class java/lang/Throwable$WrappedPrintStream
Event: 54.579 loading class java/lang/Throwable$PrintStreamOrWriter
Event: 54.579 loading class java/lang/Throwable$PrintStreamOrWriter done
Event: 54.579 loading class java/lang/Throwable$WrappedPrintStream done
Event: 54.580 loading class java/util/concurrent/ConcurrentHashMap$EntrySpliterator
Event: 54.580 loading class java/util/concurrent/ConcurrentHashMap$EntrySpliterator done
Event: 54.581 loading class java/lang/StackTraceElement$HashedModules
Event: 54.581 loading class java/lang/StackTraceElement$HashedModules done


Dynamic libraries:
0x00007ff6931b0000 - 0x00007ff6931c0000 	C:\Program Files\Java\jdk-17.0.3.1\bin\javaw.exe
0x00007ffa581b0000 - 0x00007ffa583c4000 	C:\WINDOWS\SYSTEM32\ntdll.dll
0x00007ffa570a0000 - 0x00007ffa57162000 	C:\WINDOWS\System32\KERNEL32.DLL
0x00007ffa55840000 - 0x00007ffa55be3000 	C:\WINDOWS\System32\KERNELBASE.dll
0x00007ffa55d50000 - 0x00007ffa55e61000 	C:\WINDOWS\System32\ucrtbase.dll
0x00007ffa42c40000 - 0x00007ffa42c5a000 	C:\Program Files\Java\jdk-17.0.3.1\bin\VCRUNTIME140.dll
0x00007ffa42380000 - 0x00007ffa42398000 	C:\Program Files\Java\jdk-17.0.3.1\bin\jli.dll
0x00007ffa56fd0000 - 0x00007ffa5707e000 	C:\WINDOWS\System32\ADVAPI32.dll
0x00007ffa56380000 - 0x00007ffa56427000 	C:\WINDOWS\System32\msvcrt.dll
0x00007ffa580c0000 - 0x00007ffa58164000 	C:\WINDOWS\System32\sechost.dll
0x00007ffa56840000 - 0x00007ffa56957000 	C:\WINDOWS\System32\RPCRT4.dll
0x00007ffa56a10000 - 0x00007ffa56bbb000 	C:\WINDOWS\System32\USER32.dll
0x00007ffa55cb0000 - 0x00007ffa55cd6000 	C:\WINDOWS\System32\win32u.dll
0x00007ffa32e00000 - 0x00007ffa3308e000 	C:\WINDOWS\WinSxS\amd64_microsoft.windows.common-controls_6595b64144ccf1df_6.0.22621.1635_none_270f70857386168e\COMCTL32.dll
0x00007ffa57170000 - 0x00007ffa57199000 	C:\WINDOWS\System32\GDI32.dll
0x00007ffa555b0000 - 0x00007ffa556c9000 	C:\WINDOWS\System32\gdi32full.dll
0x00007ffa55ef0000 - 0x00007ffa55f8a000 	C:\WINDOWS\System32\msvcp_win.dll
0x00007ffa4edf0000 - 0x00007ffa4edfa000 	C:\WINDOWS\SYSTEM32\VERSION.dll
0x00007ffa560a0000 - 0x00007ffa560d1000 	C:\WINDOWS\System32\IMM32.DLL
0x00007ffa43f60000 - 0x00007ffa43f6c000 	C:\Program Files\Java\jdk-17.0.3.1\bin\vcruntime140_1.dll
0x00007ffa42000000 - 0x00007ffa4208d000 	C:\Program Files\Java\jdk-17.0.3.1\bin\msvcp140.dll
0x00007ff9d3ca0000 - 0x00007ff9d4860000 	C:\Program Files\Java\jdk-17.0.3.1\bin\server\jvm.dll
0x00007ffa57780000 - 0x00007ffa57788000 	C:\WINDOWS\System32\PSAPI.DLL
0x00007ffa4ea80000 - 0x00007ffa4eab4000 	C:\WINDOWS\SYSTEM32\WINMM.dll
0x00007ffa45140000 - 0x00007ffa45149000 	C:\WINDOWS\SYSTEM32\WSOCK32.dll
0x00007ffa56600000 - 0x00007ffa56671000 	C:\WINDOWS\System32\WS2_32.dll
0x00007ffa54570000 - 0x00007ffa54588000 	C:\WINDOWS\SYSTEM32\kernel.appcore.dll
0x00007ffa45100000 - 0x00007ffa4510a000 	C:\Program Files\Java\jdk-17.0.3.1\bin\jimage.dll
0x00007ffa531e0000 - 0x00007ffa5340e000 	C:\WINDOWS\SYSTEM32\DBGHELP.DLL
0x00007ffa56c40000 - 0x00007ffa56fc9000 	C:\WINDOWS\System32\combase.dll
0x00007ffa560e0000 - 0x00007ffa561b7000 	C:\WINDOWS\System32\OLEAUT32.dll
0x00007ffa3e190000 - 0x00007ffa3e1c2000 	C:\WINDOWS\SYSTEM32\dbgcore.DLL
0x00007ffa55e70000 - 0x00007ffa55eeb000 	C:\WINDOWS\System32\bcryptPrimitives.dll
0x00007ffa445e0000 - 0x00007ffa44605000 	C:\Program Files\Java\jdk-17.0.3.1\bin\java.dll
0x00007ffa33700000 - 0x00007ffa337d6000 	C:\Program Files\Java\jdk-17.0.3.1\bin\jsvml.dll
0x00007ffa57790000 - 0x00007ffa57f8a000 	C:\WINDOWS\System32\SHELL32.dll
0x00007ffa53560000 - 0x00007ffa53e2e000 	C:\WINDOWS\SYSTEM32\windows.storage.dll
0x00007ffa53420000 - 0x00007ffa5355e000 	C:\WINDOWS\SYSTEM32\wintypes.dll
0x00007ffa55f90000 - 0x00007ffa56081000 	C:\WINDOWS\System32\SHCORE.dll
0x00007ffa56430000 - 0x00007ffa5648e000 	C:\WINDOWS\System32\shlwapi.dll
0x00007ffa554e0000 - 0x00007ffa55501000 	C:\WINDOWS\SYSTEM32\profapi.dll
0x00007ffa441e0000 - 0x00007ffa441f9000 	C:\Program Files\Java\jdk-17.0.3.1\bin\net.dll
0x00007ffa4e1c0000 - 0x00007ffa4e2f7000 	C:\WINDOWS\SYSTEM32\WINHTTP.dll
0x00007ffa54b20000 - 0x00007ffa54b89000 	C:\WINDOWS\system32\mswsock.dll
0x00007ffa43f20000 - 0x00007ffa43f36000 	C:\Program Files\Java\jdk-17.0.3.1\bin\nio.dll
0x00007ffa43e10000 - 0x00007ffa43e28000 	C:\Program Files\Java\jdk-17.0.3.1\bin\zip.dll
0x00007ffa120a0000 - 0x00007ffa1222f000 	C:\Program Files\Java\jdk-17.0.3.1\bin\awt.dll
0x00007ffa52690000 - 0x00007ffa52727000 	C:\WINDOWS\SYSTEM32\apphelp.dll
0x00007ffa52cb0000 - 0x00007ffa52cdb000 	C:\WINDOWS\system32\DWMAPI.DLL
0x00007ffa52870000 - 0x00007ffa5291b000 	C:\WINDOWS\system32\uxtheme.dll
0x00007ffa2cb60000 - 0x00007ffa2cc60000 	C:\WINDOWS\system32\opengl32.dll
0x00007ffa2f130000 - 0x00007ffa2f15d000 	C:\WINDOWS\SYSTEM32\GLU32.dll
0x00007ffa52980000 - 0x00007ffa529b8000 	C:\WINDOWS\SYSTEM32\dxcore.dll
0x00007ffa57f90000 - 0x00007ffa580b7000 	C:\WINDOWS\System32\MSCTF.dll
0x00007ffa561c0000 - 0x00007ffa5635c000 	C:\WINDOWS\System32\ole32.dll
0x00007ffa41f70000 - 0x00007ffa41ff9000 	C:\Program Files\Java\jdk-17.0.3.1\bin\freetype.dll
0x00007ffa2e200000 - 0x00007ffa2e2a8000 	C:\Program Files\Java\jdk-17.0.3.1\bin\fontmanager.dll
0x00007ffa56960000 - 0x00007ffa56a10000 	C:\WINDOWS\System32\clbcatq.dll
0x00007ffa50b50000 - 0x00007ffa50d00000 	C:\WINDOWS\SYSTEM32\WindowsCodecs.dll
0x00007ffa2c740000 - 0x00007ffa2c79e000 	C:\WINDOWS\system32\dataexchange.dll
0x00007ffa4f210000 - 0x00007ffa4f47e000 	C:\WINDOWS\system32\twinapi.appcore.dll
0x00007ffa440a0000 - 0x00007ffa441cd000 	C:\WINDOWS\SYSTEM32\textinputframework.dll
0x00007ffa522a0000 - 0x00007ffa523d3000 	C:\WINDOWS\SYSTEM32\CoreMessaging.dll
0x00007ffa4de50000 - 0x00007ffa4e1bc000 	C:\WINDOWS\SYSTEM32\CoreUIComponents.dll
0x00007ffa54d60000 - 0x00007ffa54d6c000 	C:\WINDOWS\SYSTEM32\CRYPTBASE.DLL
0x00007ffa54100000 - 0x00007ffa541f3000 	C:\WINDOWS\SYSTEM32\DNSAPI.dll
0x00007ffa54090000 - 0x00007ffa540bd000 	C:\WINDOWS\SYSTEM32\IPHLPAPI.DLL
0x00007ffa56090000 - 0x00007ffa56099000 	C:\WINDOWS\System32\NSI.dll
0x00007ffa4cc40000 - 0x00007ffa4cc4a000 	C:\Windows\System32\rasadhlp.dll
0x00007ffa4d4a0000 - 0x00007ffa4d524000 	C:\WINDOWS\System32\fwpuclnt.dll
0x00007ffa450f0000 - 0x00007ffa45100000 	C:\Program Files\Java\jdk-17.0.3.1\bin\verify.dll
0x00007ffa447f0000 - 0x00007ffa447f9000 	C:\Program Files\Java\jdk-17.0.3.1\bin\management.dll
0x00007ffa442b0000 - 0x00007ffa442bb000 	C:\Program Files\Java\jdk-17.0.3.1\bin\management_ext.dll
0x00007ffa44870000 - 0x00007ffa4487e000 	C:\Program Files\Java\jdk-17.0.3.1\bin\sunmscapi.dll
0x00007ffa556d0000 - 0x00007ffa55837000 	C:\WINDOWS\System32\CRYPT32.dll
0x00007ffa54f30000 - 0x00007ffa54f5e000 	C:\WINDOWS\SYSTEM32\ncrypt.dll
0x00007ffa54ef0000 - 0x00007ffa54f27000 	C:\WINDOWS\SYSTEM32\NTASN1.dll
0x00007ffa54d40000 - 0x00007ffa54d5b000 	C:\WINDOWS\SYSTEM32\CRYPTSP.dll
0x00007ffa54530000 - 0x00007ffa54565000 	C:\WINDOWS\system32\rsaenh.dll
0x00007ffa54be0000 - 0x00007ffa54c08000 	C:\WINDOWS\SYSTEM32\USERENV.dll
0x00007ffa54f60000 - 0x00007ffa54f88000 	C:\WINDOWS\SYSTEM32\bcrypt.dll
0x00007ffa4e5e0000 - 0x00007ffa4e5f9000 	C:\WINDOWS\SYSTEM32\dhcpcsvc6.DLL
0x00007ffa4e5c0000 - 0x00007ffa4e5df000 	C:\WINDOWS\SYSTEM32\dhcpcsvc.DLL
0x00007ffa52680000 - 0x00007ffa52688000 	C:\WINDOWS\system32\wshunix.dll

dbghelp: loaded successfully - version: 4.0.5 - missing functions: none
symbol engine: initialized successfully - sym options: 0x614 - pdb path: .;C:\Program Files\Java\jdk-17.0.3.1\bin;C:\WINDOWS\SYSTEM32;C:\WINDOWS\WinSxS\amd64_microsoft.windows.common-controls_6595b64144ccf1df_6.0.22621.1635_none_270f70857386168e;C:\Program Files\Java\jdk-17.0.3.1\bin\server

VM Arguments:
jvm_args: -Dfile.encoding=UTF-8 -XX:+ShowCodeDetailsInExceptionMessages 
java_command: gui.entries
java_class_path (initial): C:\Users\lovel\git\Selenium_secret\Automate_Reading_Blogs\target\test-classes;C:\Users\lovel\git\Selenium_secret\Automate_Reading_Blogs\target\classes;C:\Users\lovel\.m2\repository\junit\junit\3.8.1\junit-3.8.1.jar;C:\Users\lovel\.m2\repository\org\seleniumhq\selenium\selenium-chrome-driver\4.10.0\selenium-chrome-driver-4.10.0.jar;C:\Users\lovel\.m2\repository\com\google\auto\service\auto-service-annotations\1.0.1\auto-service-annotations-1.0.1.jar;C:\Users\lovel\.m2\repository\com\google\auto\service\auto-service\1.0.1\auto-service-1.0.1.jar;C:\Users\lovel\.m2\repository\com\google\auto\auto-common\1.2\auto-common-1.2.jar;C:\Users\lovel\.m2\repository\com\google\guava\guava\31.1-jre\guava-31.1-jre.jar;C:\Users\lovel\.m2\repository\com\google\guava\failureaccess\1.0.1\failureaccess-1.0.1.jar;C:\Users\lovel\.m2\repository\com\google\guava\listenablefuture\9999.0-empty-to-avoid-conflict-with-guava\listenablefuture-9999.0-empty-to-avoid-conflict-with-guava.jar;C:\Users\lovel\.m2\repository\com\google\code\findbugs\jsr305\3.0.2\jsr305-3.0.2.jar;C:\Users\lovel\.m2\repository\org\checkerframework\checker-qual\3.12.0\checker-qual-3.12.0.jar;C:\Users\lovel\.m2\repository\com\google\errorprone\error_prone_annotations\2.11.0\error_prone_annotations-2.11.0.jar;C:\Users\lovel\.m2\repository\com\google\j2objc\j2objc-annotations\1.3\j2objc-annotations-1.3.jar;C:\Users\lovel\.m2\repository\org\seleniumhq\selenium\selenium-api\4.10.0\selenium-api-4.10.0.jar;C:\Users\lovel\.m2\repository\org\seleniumhq\selenium\selenium-chromium-driver\4.10.0\selenium-chromium-driver-4.10.0.jar;C:\Users\lovel\.m2\repository\org\seleniumhq\selenium\selenium-json\4.10.0\selenium-json-4.10.0.jar;C:\Users\lovel\.m2\repository\org\seleniumhq\selenium\selenium-manager\4.10.0\selenium-manager-4.10.0.jar;C:\Users\lovel\.m2\repository\org\seleniumhq\selenium\selenium-remote-driver\4.10.0\selenium-remote-driver-4.10.0.jar;C:\Users\lovel\.m2\repository\io\netty\netty-buffer\4.1.92.
Launcher Type: SUN_STANDARD

[Global flags]
     intx CICompilerCount                          = 4                                         {product} {ergonomic}
     uint ConcGCThreads                            = 2                                         {product} {ergonomic}
     uint G1ConcRefinementThreads                  = 8                                         {product} {ergonomic}
   size_t G1HeapRegionSize                         = 1048576                                   {product} {ergonomic}
    uintx GCDrainStackTargetSize                   = 64                                        {product} {ergonomic}
   size_t InitialHeapSize                          = 132120576                                 {product} {ergonomic}
   size_t MarkStackSize                            = 4194304                                   {product} {ergonomic}
   size_t MaxHeapSize                              = 2103443456                                {product} {ergonomic}
   size_t MaxNewSize                               = 1261436928                                {product} {ergonomic}
   size_t MinHeapDeltaBytes                        = 1048576                                   {product} {ergonomic}
   size_t MinHeapSize                              = 8388608                                   {product} {ergonomic}
    uintx NonNMethodCodeHeapSize                   = 5839372                                {pd product} {ergonomic}
    uintx NonProfiledCodeHeapSize                  = 122909434                              {pd product} {ergonomic}
    uintx ProfiledCodeHeapSize                     = 122909434                              {pd product} {ergonomic}
    uintx ReservedCodeCacheSize                    = 251658240                              {pd product} {ergonomic}
     bool SegmentedCodeCache                       = true                                      {product} {ergonomic}
     bool ShowCodeDetailsInExceptionMessages       = true                                   {manageable} {command line}
   size_t SoftMaxHeapSize                          = 2103443456                             {manageable} {ergonomic}
     bool UseCompressedClassPointers               = true                           {product lp64_product} {ergonomic}
     bool UseCompressedOops                        = true                           {product lp64_product} {ergonomic}
     bool UseG1GC                                  = true                                      {product} {ergonomic}
     bool UseLargePagesIndividualAllocation        = false                                  {pd product} {ergonomic}

Logging:
Log output configuration:
 #0: stdout all=warning uptime,level,tags
 #1: stderr all=off uptime,level,tags

Environment Variables:
JAVA_HOME=C:\Program Files\Java\jdk-17.0.3.1
PATH=C:/Program Files/Java/jdk-17.0.3.1/bin/server;C:/Program Files/Java/jdk-17.0.3.1/bin;C:\Program Files\Java\jdk-17.0.3.1\bin;C:\Program Files\Java\jdk1.8.0_77\bin;C:\Program Files\Common Files\Oracle\Java\javapath;C:\ProgramData\Oracle\Java\javapath;C:\Windows\system32;C:\Windows;C:\Windows\System32\Wbem;C:\Windows\System32\WindowsPowerShell\v1.0\;C:\Windows\System32\OpenSSH\;C:\Program Files (x86)\NVIDIA Corporation\PhysX\Common;C:\Program Files\dotnet\;C:\Program Files\Git\cmd;%MAVEM_HOME%\bin;C:\WINDOWS\system32;C:\WINDOWS;C:\WINDOWS\System32\Wbem;C:\WINDOWS\System32\WindowsPowerShell\v1.0\;C:\WINDOWS\System32\OpenSSH\;F:\Unity\openssl-0.9.8k_X64\bin;C:\Program Files\NVIDIA Corporation\NVIDIA NvDLISR;C:\Program Files\nodejs\;C:\Program Files\Amazon\AWSCLIV2\;C:\terraform_1.4.6_windows_386\;C:\Program Files\Java\jdk-17.0.3.1\bin;C:\Program Files\MySQL\MySQL Shell 8.0\bin\;C:\Program Files\Java\jdk1.8.0_77;C:\Users\lovel\AppData\Local\Microsoft\WindowsApps;C:\Users\lovel\AppData\Local\Programs\Microsoft VS Code\bin;C:\Users\lovel\.dotnet\tools;F:\Unity\openssl-0.9.8k_X64\bin;C:\Users\lovel\AppData\Local\GitHubDesktop\bin;C:\Users\lovel\AppData\Roaming\npm;C:\Program Files\Graphviz\bin;C:\WINDOWS\System32;
USERNAME=lovel
OS=Windows_NT
PROCESSOR_IDENTIFIER=Intel64 Family 6 Model 165 Stepping 2, GenuineIntel



---------------  S Y S T E M  ---------------

OS:
 Windows 11 , 64 bit Build 22621 (10.0.22621.1778)
OS uptime: 0 days 19:54 hours
Hyper-V role detected

CPU: total 8 (initial active 8) (4 cores per cpu, 2 threads per core) family 6 model 165 stepping 2 microcode 0xe2, cx8, cmov, fxsr, ht, mmx, 3dnowpref, sse, sse2, sse3, ssse3, sse4.1, sse4.2, popcnt, lzcnt, tsc, tscinvbit, avx, avx2, aes, erms, clmul, bmi1, bmi2, adx, fma, vzeroupper, clflush, clflushopt, hv

Memory: 4k page, system-wide physical 8023M (771M free)
TotalPageFile size 13023M (AvailPageFile size 0M)
current process WorkingSet (physical memory assigned to process): 135M, peak: 145M
current process commit charge ("private bytes"): 188M, peak: 260M

vm_info: Java HotSpot(TM) 64-Bit Server VM (17.0.3.1+2-LTS-6) for windows-amd64 JRE (17.0.3.1+2-LTS-6), built on Apr 25 2022 22:04:21 by "mach5one" with MS VC++ 16.8 / 16.9 (VS2019)

END.
