#
# There is insufficient memory for the Java Runtime Environment to continue.
# Native memory allocation (mmap) failed to map 132120576 bytes for G1 virtual space
# Possible reasons:
#   The system is out of physical RAM or swap space
#   The process is running with CompressedOops enabled, and the Java Heap may be blocking the growth of the native heap
# Possible solutions:
#   Reduce memory load on the system
#   Increase physical memory or swap space
#   Check if swap backing store is full
#   Decrease Java heap size (-Xmx/-Xms)
#   Decrease number of Java threads
#   Decrease Java thread stack sizes (-Xss)
#   Set larger code cache with -XX:ReservedCodeCacheSize=
#   JVM is running with Unscaled Compressed Oops mode in which the Java heap is
#     placed in the first 4GB address space. The Java Heap base address is the
#     maximum limit for the native heap growth. Please use -XX:HeapBaseMinAddress
#     to set the Java Heap base and to place the Java Heap above 4GB virtual address.
# This output file may be truncated or incomplete.
#
#  Out of Memory Error (os_windows.cpp:3535), pid=20416, tid=12620
#
# JRE version:  (17.0.3.1+2) (build )
# Java VM: Java HotSpot(TM) 64-Bit Server VM (17.0.3.1+2-LTS-6, mixed mode, sharing, tiered, compressed oops, compressed class ptrs, g1 gc, windows-amd64)
# No core dump will be written. Minidumps are not enabled by default on client versions of Windows
#

---------------  S U M M A R Y ------------

Command Line: -Dfile.encoding=UTF-8 -XX:+ShowCodeDetailsInExceptionMessages gui.entries

Host: Intel(R) Core(TM) i5-10300H CPU @ 2.50GHz, 8 cores, 7G,  Windows 11 , 64 bit Build 22621 (10.0.22621.1778)
Time: Mon Jul 10 13:07:34 2023 India Standard Time elapsed time: 0.020479 seconds (0d 0h 0m 0s)

---------------  T H R E A D  ---------------

Current thread (0x0000026b03f57280):  JavaThread "Unknown thread" [_thread_in_vm, id=12620, stack(0x000000ed18100000,0x000000ed18200000)]

Stack: [0x000000ed18100000,0x000000ed18200000]
Native frames: (J=compiled Java code, j=interpreted, Vv=VM code, C=native code)
V  [jvm.dll+0x6711ba]
V  [jvm.dll+0x7d0834]
V  [jvm.dll+0x7d1fde]
V  [jvm.dll+0x7d2643]
V  [jvm.dll+0x242c85]
V  [jvm.dll+0x66e0d9]
V  [jvm.dll+0x662a22]
V  [jvm.dll+0x300ddb]
V  [jvm.dll+0x308376]
V  [jvm.dll+0x357f7e]
V  [jvm.dll+0x3581af]
V  [jvm.dll+0x2d7ff8]
V  [jvm.dll+0x2d8f64]
V  [jvm.dll+0x7a2411]
V  [jvm.dll+0x365d01]
V  [jvm.dll+0x78187c]
V  [jvm.dll+0x3e873f]
V  [jvm.dll+0x3ea1e1]
C  [jli.dll+0x527b]
C  [ucrtbase.dll+0x29363]
C  [KERNEL32.DLL+0x126ad]
C  [ntdll.dll+0x5a9f8]


---------------  P R O C E S S  ---------------

Threads class SMR info:
_java_thread_list=0x00007ffa08309858, length=0, elements={
}

Java Threads: ( => current thread )

Other Threads:
  0x0000026b03fb0a60 GCTaskThread "GC Thread#0" [stack: 0x000000ed18200000,0x000000ed18300000] [id=11432]
  0x0000026b03fc1460 ConcurrentGCThread "G1 Main Marker" [stack: 0x000000ed18300000,0x000000ed18400000] [id=8408]
  0x0000026b03fc2770 ConcurrentGCThread "G1 Conc#0" [stack: 0x000000ed18400000,0x000000ed18500000] [id=9636]

[error occurred during error reporting (printing all threads), id 0xc0000005, EXCEPTION_ACCESS_VIOLATION (0xc0000005) at pc=0x00007ffa07b589e7]

VM state: not at safepoint (not fully initialized)

VM Mutex/Monitor currently owned by a thread:  ([mutex/lock_event])
[0x0000026b03f540b0] Heap_lock - owner thread: 0x0000026b03f57280

Heap address: 0x0000000082a00000, size: 2006 MB, Compressed Oops mode: 32-bit

CDS archive(s) mapped at: [0x0000000000000000-0x0000000000000000-0x0000000000000000), size 0, SharedBaseAddress: 0x0000000800000000, ArchiveRelocationMode: 0.
Narrow klass base: 0x0000000000000000, Narrow klass shift: 0, Narrow klass range: 0x0

GC Precious Log:
<Empty>

Heap:
 garbage-first heap   total 0K, used 0K [0x0000000082a00000, 0x0000000100000000)
  region size 1024K, 0 young (0K), 0 survivors (0K)

[error occurred during error reporting (printing heap information), id 0xc0000005, EXCEPTION_ACCESS_VIOLATION (0xc0000005) at pc=0x00007ffa07f3a629]

GC Heap History (0 events):
No events

Deoptimization events (0 events):
No events

Classes unloaded (0 events):
No events

Classes redefined (0 events):
No events

Internal exceptions (0 events):
No events

VM Operations (0 events):
No events

Events (1 events):
Event: 0.006 Loaded shared library C:\Program Files\Java\jdk-17.0.3.1\bin\java.dll


Dynamic libraries:
0x00007ff6b9080000 - 0x00007ff6b9090000 	C:\Program Files\Java\jdk-17.0.3.1\bin\javaw.exe
0x00007ffa581b0000 - 0x00007ffa583c4000 	C:\WINDOWS\SYSTEM32\ntdll.dll
0x00007ffa570a0000 - 0x00007ffa57162000 	C:\WINDOWS\System32\KERNEL32.DLL
0x00007ffa55840000 - 0x00007ffa55be3000 	C:\WINDOWS\System32\KERNELBASE.dll
0x00007ffa55d50000 - 0x00007ffa55e61000 	C:\WINDOWS\System32\ucrtbase.dll
0x00007ffa4fb70000 - 0x00007ffa4fb88000 	C:\Program Files\Java\jdk-17.0.3.1\bin\jli.dll
0x00007ffa4fc30000 - 0x00007ffa4fc4a000 	C:\Program Files\Java\jdk-17.0.3.1\bin\VCRUNTIME140.dll
0x00007ffa56fd0000 - 0x00007ffa5707e000 	C:\WINDOWS\System32\ADVAPI32.dll
0x00007ffa56380000 - 0x00007ffa56427000 	C:\WINDOWS\System32\msvcrt.dll
0x00007ffa580c0000 - 0x00007ffa58164000 	C:\WINDOWS\System32\sechost.dll
0x00007ffa56840000 - 0x00007ffa56957000 	C:\WINDOWS\System32\RPCRT4.dll
0x00007ffa56a10000 - 0x00007ffa56bbb000 	C:\WINDOWS\System32\USER32.dll
0x00007ffa55cb0000 - 0x00007ffa55cd6000 	C:\WINDOWS\System32\win32u.dll
0x00007ffa32e00000 - 0x00007ffa3308e000 	C:\WINDOWS\WinSxS\amd64_microsoft.windows.common-controls_6595b64144ccf1df_6.0.22621.1635_none_270f70857386168e\COMCTL32.dll
0x00007ffa57170000 - 0x00007ffa57199000 	C:\WINDOWS\System32\GDI32.dll
0x00007ffa555b0000 - 0x00007ffa556c9000 	C:\WINDOWS\System32\gdi32full.dll
0x00007ffa55ef0000 - 0x00007ffa55f8a000 	C:\WINDOWS\System32\msvcp_win.dll
0x00007ffa4edf0000 - 0x00007ffa4edfa000 	C:\WINDOWS\SYSTEM32\VERSION.dll
0x00007ffa560a0000 - 0x00007ffa560d1000 	C:\WINDOWS\System32\IMM32.DLL
0x00007ffa4fb60000 - 0x00007ffa4fb6c000 	C:\Program Files\Java\jdk-17.0.3.1\bin\vcruntime140_1.dll
0x00007ffa0c820000 - 0x00007ffa0c8ad000 	C:\Program Files\Java\jdk-17.0.3.1\bin\msvcp140.dll
0x00007ffa07870000 - 0x00007ffa08430000 	C:\Program Files\Java\jdk-17.0.3.1\bin\server\jvm.dll
0x00007ffa57780000 - 0x00007ffa57788000 	C:\WINDOWS\System32\PSAPI.DLL
0x00007ffa4ea80000 - 0x00007ffa4eab4000 	C:\WINDOWS\SYSTEM32\WINMM.dll
0x00007ffa52630000 - 0x00007ffa52639000 	C:\WINDOWS\SYSTEM32\WSOCK32.dll
0x00007ffa56600000 - 0x00007ffa56671000 	C:\WINDOWS\System32\WS2_32.dll
0x00007ffa54570000 - 0x00007ffa54588000 	C:\WINDOWS\SYSTEM32\kernel.appcore.dll
0x00007ffa509e0000 - 0x00007ffa509ea000 	C:\Program Files\Java\jdk-17.0.3.1\bin\jimage.dll
0x00007ffa531e0000 - 0x00007ffa5340e000 	C:\WINDOWS\SYSTEM32\DBGHELP.DLL
0x00007ffa56c40000 - 0x00007ffa56fc9000 	C:\WINDOWS\System32\combase.dll
0x00007ffa560e0000 - 0x00007ffa561b7000 	C:\WINDOWS\System32\OLEAUT32.dll
0x00007ffa3e190000 - 0x00007ffa3e1c2000 	C:\WINDOWS\SYSTEM32\dbgcore.DLL
0x00007ffa55e70000 - 0x00007ffa55eeb000 	C:\WINDOWS\System32\bcryptPrimitives.dll
0x00007ffa44a60000 - 0x00007ffa44a85000 	C:\Program Files\Java\jdk-17.0.3.1\bin\java.dll

dbghelp: loaded successfully - version: 4.0.5 - missing functions: none
symbol engine: initialized successfully - sym options: 0x614 - pdb path: .;C:\Program Files\Java\jdk-17.0.3.1\bin;C:\WINDOWS\SYSTEM32;C:\WINDOWS\WinSxS\amd64_microsoft.windows.common-controls_6595b64144ccf1df_6.0.22621.1635_none_270f70857386168e;C:\Program Files\Java\jdk-17.0.3.1\bin\server

VM Arguments:
jvm_args: -Dfile.encoding=UTF-8 -XX:+ShowCodeDetailsInExceptionMessages 
java_command: gui.entries
java_class_path (initial): C:\Users\lovel\git\Selenium_secret\Automate_Reading_Blogs\target\test-classes;C:\Users\lovel\git\Selenium_secret\Automate_Reading_Blogs\target\classes;C:\Users\lovel\.m2\repository\junit\junit\3.8.1\junit-3.8.1.jar;C:\Users\lovel\.m2\repository\org\seleniumhq\selenium\selenium-chrome-driver\4.10.0\selenium-chrome-driver-4.10.0.jar;C:\Users\lovel\.m2\repository\com\google\auto\service\auto-service-annotations\1.0.1\auto-service-annotations-1.0.1.jar;C:\Users\lovel\.m2\repository\com\google\auto\service\auto-service\1.0.1\auto-service-1.0.1.jar;C:\Users\lovel\.m2\repository\com\google\auto\auto-common\1.2\auto-common-1.2.jar;C:\Users\lovel\.m2\repository\com\google\guava\guava\31.1-jre\guava-31.1-jre.jar;C:\Users\lovel\.m2\repository\com\google\guava\failureaccess\1.0.1\failureaccess-1.0.1.jar;C:\Users\lovel\.m2\repository\com\google\guava\listenablefuture\9999.0-empty-to-avoid-conflict-with-guava\listenablefuture-9999.0-empty-to-avoid-conflict-with-guava.jar;C:\Users\lovel\.m2\repository\com\google\code\findbugs\jsr305\3.0.2\jsr305-3.0.2.jar;C:\Users\lovel\.m2\repository\org\checkerframework\checker-qual\3.12.0\checker-qual-3.12.0.jar;C:\Users\lovel\.m2\repository\com\google\errorprone\error_prone_annotations\2.11.0\error_prone_annotations-2.11.0.jar;C:\Users\lovel\.m2\repository\com\google\j2objc\j2objc-annotations\1.3\j2objc-annotations-1.3.jar;C:\Users\lovel\.m2\repository\org\seleniumhq\selenium\selenium-api\4.10.0\selenium-api-4.10.0.jar;C:\Users\lovel\.m2\repository\org\seleniumhq\selenium\selenium-chromium-driver\4.10.0\selenium-chromium-driver-4.10.0.jar;C:\Users\lovel\.m2\repository\org\seleniumhq\selenium\selenium-json\4.10.0\selenium-json-4.10.0.jar;C:\Users\lovel\.m2\repository\org\seleniumhq\selenium\selenium-manager\4.10.0\selenium-manager-4.10.0.jar;C:\Users\lovel\.m2\repository\org\seleniumhq\selenium\selenium-remote-driver\4.10.0\selenium-remote-driver-4.10.0.jar;C:\Users\lovel\.m2\repository\io\netty\netty-buffer\4.1.92.
Launcher Type: SUN_STANDARD

[Global flags]
     intx CICompilerCount                          = 4                                         {product} {ergonomic}
     uint ConcGCThreads                            = 2                                         {product} {ergonomic}
     uint G1ConcRefinementThreads                  = 8                                         {product} {ergonomic}
   size_t G1HeapRegionSize                         = 1048576                                   {product} {ergonomic}
    uintx GCDrainStackTargetSize                   = 64                                        {product} {ergonomic}
   size_t InitialHeapSize                          = 132120576                                 {product} {ergonomic}
   size_t MarkStackSize                            = 4194304                                   {product} {ergonomic}
   size_t MaxHeapSize                              = 2103443456                                {product} {ergonomic}
   size_t MinHeapDeltaBytes                        = 1048576                                   {product} {ergonomic}
   size_t MinHeapSize                              = 8388608                                   {product} {ergonomic}
    uintx NonNMethodCodeHeapSize                   = 5839372                                {pd product} {ergonomic}
    uintx NonProfiledCodeHeapSize                  = 122909434                              {pd product} {ergonomic}
    uintx ProfiledCodeHeapSize                     = 122909434                              {pd product} {ergonomic}
    uintx ReservedCodeCacheSize                    = 251658240                              {pd product} {ergonomic}
     bool SegmentedCodeCache                       = true                                      {product} {ergonomic}
     bool ShowCodeDetailsInExceptionMessages       = true                                   {manageable} {command line}
   size_t SoftMaxHeapSize                          = 2103443456                             {manageable} {ergonomic}
     bool UseCompressedClassPointers               = true                           {product lp64_product} {ergonomic}
     bool UseCompressedOops                        = true                           {product lp64_product} {ergonomic}
     bool UseG1GC                                  = true                                      {product} {ergonomic}
     bool UseLargePagesIndividualAllocation        = false                                  {pd product} {ergonomic}

Logging:
Log output configuration:
 #0: stdout all=warning uptime,level,tags
 #1: stderr all=off uptime,level,tags

Environment Variables:
JAVA_HOME=C:\Program Files\Java\jdk-17.0.3.1
PATH=C:/Program Files/Java/jdk-17.0.3.1/bin/server;C:/Program Files/Java/jdk-17.0.3.1/bin;C:\Program Files\Java\jdk-17.0.3.1\bin;C:\Program Files\Java\jdk1.8.0_77\bin;C:\Program Files\Common Files\Oracle\Java\javapath;C:\ProgramData\Oracle\Java\javapath;C:\Windows\system32;C:\Windows;C:\Windows\System32\Wbem;C:\Windows\System32\WindowsPowerShell\v1.0\;C:\Windows\System32\OpenSSH\;C:\Program Files (x86)\NVIDIA Corporation\PhysX\Common;C:\Program Files\dotnet\;C:\Program Files\Git\cmd;%MAVEM_HOME%\bin;C:\WINDOWS\system32;C:\WINDOWS;C:\WINDOWS\System32\Wbem;C:\WINDOWS\System32\WindowsPowerShell\v1.0\;C:\WINDOWS\System32\OpenSSH\;F:\Unity\openssl-0.9.8k_X64\bin;C:\Program Files\NVIDIA Corporation\NVIDIA NvDLISR;C:\Program Files\nodejs\;C:\Program Files\Amazon\AWSCLIV2\;C:\terraform_1.4.6_windows_386\;C:\Program Files\Java\jdk-17.0.3.1\bin;C:\Program Files\MySQL\MySQL Shell 8.0\bin\;C:\Program Files\Java\jdk1.8.0_77;C:\Users\lovel\AppData\Local\Microsoft\WindowsApps;C:\Users\lovel\AppData\Local\Programs\Microsoft VS Code\bin;C:\Users\lovel\.dotnet\tools;F:\Unity\openssl-0.9.8k_X64\bin;C:\Users\lovel\AppData\Local\GitHubDesktop\bin;C:\Users\lovel\AppData\Roaming\npm;C:\Program Files\Graphviz\bin;C:\WINDOWS\System32;
USERNAME=lovel
OS=Windows_NT
PROCESSOR_IDENTIFIER=Intel64 Family 6 Model 165 Stepping 2, GenuineIntel



---------------  S Y S T E M  ---------------

OS:
 Windows 11 , 64 bit Build 22621 (10.0.22621.1778)
OS uptime: 10 days 17:33 hours
Hyper-V role detected

CPU: total 8 (initial active 8) (4 cores per cpu, 2 threads per core) family 6 model 165 stepping 2 microcode 0xe2, cx8, cmov, fxsr, ht, mmx, 3dnowpref, sse, sse2, sse3, ssse3, sse4.1, sse4.2, popcnt, lzcnt, tsc, tscinvbit, avx, avx2, aes, erms, clmul, bmi1, bmi2, adx, fma, vzeroupper, clflush, clflushopt, hv

Memory: 4k page, system-wide physical 8023M (1789M free)
TotalPageFile size 13023M (AvailPageFile size 129M)
current process WorkingSet (physical memory assigned to process): 11M, peak: 11M
current process commit charge ("private bytes"): 60M, peak: 186M

vm_info: Java HotSpot(TM) 64-Bit Server VM (17.0.3.1+2-LTS-6) for windows-amd64 JRE (17.0.3.1+2-LTS-6), built on Apr 25 2022 22:04:21 by "mach5one" with MS VC++ 16.8 / 16.9 (VS2019)

END.
